C51 COMPILER V9.60.0.0   MAIN                                                              04/17/2021 16:39:24 PAGE 1   


C51 COMPILER V9.60.0.0, COMPILATION OF MODULE MAIN
OBJECT MODULE PLACED IN .\Objects\main.obj
COMPILER INVOKED BY: C:\Keil_v5\C51\BIN\C51.EXE main.c OPTIMIZE(8,SPEED) BROWSE INCDIR(.\driver) DEBUG OBJECTEXTEND PRIN
                    -T(.\Listings\main.lst) OBJECT(.\Objects\main.obj)

line level    source

   1          #include <stc15f2k60s2.h>
   2          #include "onewire.h"
   3          #include "iic.h"
   4          #define u8 unsigned char
   5          #define u16 unsigned int
   6                  
   7          u8 code du[]={0x3F,0x06,0x5B,0x4F,0x66,0x6D,0x7D,0x07,0x7F,0x6F};
   8          u8 code wei[]={0x01,0x02,0x04,0x08,0x10,0x20,0x40,0x80};
   9          
  10          sbit relay=P0^4;
  11          sbit buzzer=P0^6;
  12          void SysInit()
  13          {
  14   1              P2=(P2&0x1f)|0x80;P0=0xff;P2&=0x1f;
  15   1              P2=(P2&0x1f)|0xa0;relay=0;buzzer=0;P2&=0x1f;
  16   1              P2=(P2&0x1f)|0xc0;P0=0x00;P2&=0x1f;
  17   1              P2=(P2&0x1f)|0xe0;P0=0xff;P2&=0x1f;
  18   1      }
  19          
  20          
  21          void Timer0Init(void)           //1毫秒@11.0592MHz
  22          {
  23   1              AUXR |= 0x80;           //定时器时钟1T模式
  24   1              TMOD |= 0x04;           //设置定时器模式
  25   1              TL0 = 0xff;             //设置定时初值
  26   1              TH0 = 0xff;             //设置定时初值
  27   1              TR0 = 1;                //定时器0开始计时
  28   1              ET0=1;
  29   1      }
  30          
  31          void Timer1Init(void)           //1毫秒@11.0592MHz
  32          {
  33   1              AUXR |= 0x40;           //定时器时钟1T模式
  34   1              TMOD &= 0x0F;           //设置定时器模式
  35   1              TL1 = 0xCD;             //设置定时初值
  36   1              TH1 = 0xD4;             //设置定时初值
  37   1              TF1 = 0;                //清除TF1标志
  38   1              TR1 = 1;                //定时器1开始计时
  39   1              ET1=1;
  40   1              EA=1;
  41   1      }
  42          
  43          
  44          void Delay5ms()         //@11.0592MHz
  45          {
  46   1              unsigned char i, j;
  47   1      
  48   1              i = 54;
  49   1              j = 199;
  50   1              do
  51   1              {
  52   2                      while (--j);
  53   2              } while (--i);
  54   1      }
C51 COMPILER V9.60.0.0   MAIN                                                              04/17/2021 16:39:24 PAGE 2   

  55          
  56          
  57          
  58          #define SetKeyBoard(x) P4 = (x>>3) | (x>>4);P3 = x 
  59          #define GetKeyBoard() ((P4&0x10)<<3) | ((P4&0x04)<<4) | (P3&0x3F)
  60          unsigned char Trg; 
  61          unsigned char Cont; 
  62          void KeyRead( void ) 
  63          { 
  64   1          unsigned char ReadData; 
  65   1          SetKeyBoard(0x0f);
  66   1          ReadData=GetKeyBoard(); 
  67   1              SetKeyBoard(0xf0);
  68   1          ReadData=(ReadData | GetKeyBoard())^0xff; 
  69   1          Trg  = ReadData & (ReadData ^ Cont); 
  70   1          Cont = ReadData; 
  71   1      }
  72          bit key_flag=0;
  73          
  74          u16 temp;
  75          u8 smg_temp[8]={0x39};
  76          
  77          u16 adc;
  78          u8 adc_buf;
  79          bit adc_flag=0;
  80          u8 smg_adc[8]={0x3e};
  81          
  82          u16 count=0;
  83          u8 smg_n55[8]={0x71};
  84          
  85          u8 mode=1;
  86          
  87          u8 freq_low=0,freq_high=0;
  88          u16 save_freq=0;
  89          
  90          u8 temp_low=0,temp_high=0;
  91          u16 save_temp=0;
  92          
  93          u16 save_adc=0;
  94          
  95          u8 hx_mode=0;
  96          
  97          u8 hx_temp[8]={0x76,0x39};
  98          u8 hx_adc[8]={0x76,0x3e};
  99          u8 hx_n55[8]={0x76,0x71};
 100          
 101          u8 set_adc[8]={0x73};
 102          u8 S7_mode=0;
 103          
 104          u8 set_adcval=1;
 105          
 106          void KeyProc(void) 
 107          {
 108   1              if(Trg==0x81)           //S7
 109   1              {
 110   2                      mode=0;hx_mode=0;
 111   2                      S7_mode++;
 112   2                      if(S7_mode==2)
 113   2                      {
 114   3                              S7_mode=0;
 115   3                              mode=1;
 116   3                      }
C51 COMPILER V9.60.0.0   MAIN                                                              04/17/2021 16:39:24 PAGE 3   

 117   2              }
 118   1              if(Trg==0x82)           //S6
 119   1              {
 120   2                      if(S7_mode==0)
 121   2                      {
 122   3                              mode=0;
 123   3                              hx_mode++;
 124   3                              if(hx_mode==4)  hx_mode=1;
 125   3                      }
 126   2                      if(S7_mode==1)
 127   2                      {
 128   3                              set_adcval++;
 129   3                              if(set_adcval>50)       set_adcval=1;
 130   3                      }
 131   2      
 132   2              }
 133   1              if(Trg==0x84)           //S5
 134   1              {
 135   2                      write_24c02(0x01,temp_high);Delay5ms();
 136   2                      write_24c02(0x02,temp_low);Delay5ms();
 137   2                      save_temp = (temp_high<<8)|temp_low;
 138   2                      
 139   2                      write_24c02(0x03,adc_buf);Delay5ms();
 140   2                      save_adc=adc_buf/255.0f*500;
 141   2                      
 142   2                      write_24c02(0x04,freq_high);Delay5ms();
 143   2                      write_24c02(0x05,freq_low);
 144   2                      save_freq = freq_low|(freq_high<<8);
 145   2              }
 146   1              if(Trg==0x88)           //S4
 147   1              {
 148   2                      mode++;
 149   2                      if(mode==4)     mode=1;
 150   2              }
 151   1              
 152   1      }
 153          
 154          void main()
 155          {
 156   1              SysInit();
 157   1              Timer0Init();
 158   1              Timer1Init();
 159   1              
 160   1              temp_high=read_24c02(0x01);Delay5ms();
 161   1              temp_low=read_24c02(0x02);Delay5ms();
 162   1              save_temp = (temp_high<<8)|temp_low;
 163   1              
 164   1              freq_high=read_24c02(0x04);Delay5ms();
 165   1              freq_low=read_24c02(0x05);Delay5ms();
 166   1              save_freq = (freq_high<<8)|freq_low;
 167   1              
 168   1              save_adc=read_24c02(0x03)/255.0f*500;
 169   1              
 170   1              while(1)
 171   1              {
 172   2                      if(adc_flag)
 173   2                      {
 174   3                              adc_buf=read_adc(0x03);
 175   3                              adc=adc_buf/255.0f*500;
 176   3                              smg_adc[6]=du[adc/100]|0x80;smg_adc[7]=du[adc/10%10];
 177   3                              
 178   3                              temp=(u16)rd_temperature_f();
C51 COMPILER V9.60.0.0   MAIN                                                              04/17/2021 16:39:24 PAGE 4   

 179   3                              smg_temp[4]=du[temp/1000];smg_temp[5]=du[temp/100%10]|0x80;
 180   3                              smg_temp[6]=du[temp/10%10];smg_temp[7]=du[temp%10];
 181   3                              temp_low=temp;
 182   3                              temp_high=temp>>8;
 183   3                      }
 184   2                      
 185   2                      if(key_flag)
 186   2                      {
 187   3                              key_flag=0;
 188   3                              KeyRead();
 189   3                              KeyProc();
 190   3                      }
 191   2                      
 192   2                      if(hx_mode==1)
 193   2                      {
 194   3                              hx_temp[4]=du[save_temp/1000];hx_temp[5]=du[save_temp/100%10]|0x80;
 195   3                              hx_temp[6]=du[save_temp/10%10];hx_temp[7]=du[save_temp%10];
 196   3                      }
 197   2                      
 198   2                      if(hx_mode==2)
 199   2                      {
 200   3                              hx_adc[6]=du[save_adc/100]|0x80;hx_adc[7]=du[save_adc/10%10];
 201   3                      }
 202   2                      
 203   2                      if(hx_mode==3)
 204   2                      {
 205   3                              hx_n55[3]=du[save_freq/10000];
 206   3                              hx_n55[4]=du[save_freq/1000%10];
 207   3                              hx_n55[5]=du[save_freq/100%10];
 208   3                              hx_n55[6]=du[save_freq/10%10];
 209   3                              hx_n55[7]=du[save_freq%10];
 210   3                      }
 211   2                      
 212   2                      if(S7_mode==1)
 213   2                      {
 214   3                              set_adc[6]=du[set_adcval/10]|0x80;set_adc[7]=du[set_adcval%10];
 215   3                      }
 216   2              }
 217   1      }
 218          
 219          void time0() interrupt 1
 220          {
 221   1              count++;
 222   1      }
 223          
 224          void time1() interrupt 3
 225          {
 226   1              static int smg_count=0,key_count=0,i=0,adc_count=0,one_second_count=0;
 227   1              smg_count++;key_count++;adc_count++;one_second_count++;
 228   1              
 229   1              if(adc_count==150)
 230   1              {
 231   2                      adc_count=0;
 232   2                      adc_flag=1;
 233   2              }
 234   1              
 235   1              if(key_count==7)
 236   1              {
 237   2                      key_flag=1;
 238   2                      key_count=0;
 239   2              }
 240   1              
C51 COMPILER V9.60.0.0   MAIN                                                              04/17/2021 16:39:24 PAGE 5   

 241   1              if(smg_count==2)
 242   1              {
 243   2                      smg_count=0;
 244   2                      P2=(P2&0x1f)|0xc0;P0=0x00;P2&=0x1f;
 245   2                      if(mode==1)
 246   2                      {
 247   3                              P2=(P2&0x1f)|0xe0;P0=~smg_temp[i];P2&=0x1f;
 248   3                      }
 249   2                      if(mode==2)
 250   2                      {
 251   3                              P2=(P2&0x1f)|0xe0;P0=~smg_adc[i];P2&=0x1f;
 252   3                      }
 253   2                      if(mode==3)
 254   2                      {
 255   3                              P2=(P2&0x1f)|0xe0;P0=~smg_n55[i];P2&=0x1f;
 256   3                      }
 257   2                      
 258   2                      if(hx_mode==1)
 259   2                      {
 260   3                              P2=(P2&0x1f)|0xe0;P0=~hx_temp[i];P2&=0x1f;
 261   3                      }
 262   2                      if(hx_mode==2)
 263   2                      {
 264   3                              P2=(P2&0x1f)|0xe0;P0=~hx_adc[i];P2&=0x1f;
 265   3                      }
 266   2                      if(hx_mode==3)
 267   2                      {
 268   3                              P2=(P2&0x1f)|0xe0;P0=~hx_n55[i];P2&=0x1f;
 269   3                      }
 270   2                      if(S7_mode==1)
 271   2                      {
 272   3                              P2=(P2&0x1f)|0xe0;P0=~set_adc[i];P2&=0x1f;
 273   3                      }
 274   2                      P2=(P2&0x1f)|0xc0;P0=wei[i];P2&=0x1f;
 275   2                      i++;
 276   2                      if(i==8)  i=0;
 277   2              }
 278   1              
 279   1              if(one_second_count==1000)
 280   1              {
 281   2                      one_second_count=0;
 282   2                      ET0=0;TR0=0;
 283   2                      freq_low=count;
 284   2                      freq_high=count>>8;
 285   2                      smg_n55[3]=du[count/10000];
 286   2                      smg_n55[4]=du[count/1000%10];
 287   2                      smg_n55[5]=du[count/100%10];
 288   2                      smg_n55[6]=du[count/10%10];
 289   2                      smg_n55[7]=du[count%10];
 290   2                      count=0;
 291   2                      ET0=1;TR0=1;
 292   2              }
 293   1      }


MODULE INFORMATION:   STATIC OVERLAYABLE
   CODE SIZE        =   1659    ----
   CONSTANT SIZE    =     18    ----
   XDATA SIZE       =   ----    ----
   PDATA SIZE       =   ----    ----
   DATA SIZE        =     89    ----
   IDATA SIZE       =   ----    ----
C51 COMPILER V9.60.0.0   MAIN                                                              04/17/2021 16:39:24 PAGE 6   

   BIT SIZE         =      2    ----
END OF MODULE INFORMATION.


C51 COMPILATION COMPLETE.  0 WARNING(S),  0 ERROR(S)
