C51 COMPILER V9.60.0.0   LED                                                               04/11/2021 11:34:11 PAGE 1   


C51 COMPILER V9.60.0.0, COMPILATION OF MODULE LED
OBJECT MODULE PLACED IN .\Objects\led.obj
COMPILER INVOKED BY: C:\Keil_v5\C51\BIN\C51.EXE driver\led.c OPTIMIZE(8,SPEED) BROWSE INCDIR(.\driver) DEBUG OBJECTEXTEN
                    -D PRINT(.\Listings\led.lst) OBJECT(.\Objects\led.obj)

line level    source

   1          #include "led.h"
   2          
   3          
   4          void led_off(unsigned char Led){
   5   1              P2 = (P2 & 0x1f) | 0x80;
   6   1              switch(Led){
   7   2                      case L1:
   8   2                              P00 = 1;
   9   2                              break;
  10   2                      case L2:
  11   2                              P01 = 1;
  12   2                              break;
  13   2                      case L3:
  14   2                              P02 = 1;
  15   2                              break;
  16   2                      case L4:
  17   2                              P03 = 1;
  18   2                              break;
  19   2                      case L5:
  20   2                              P04 = 1;
  21   2                              break;
  22   2                      case L6:
  23   2                              P05 = 1;
  24   2                              break;
  25   2                      case L7:
  26   2                              P06 = 1;
  27   2                              break;
  28   2                      case L8:
  29   2                              P07 = 1;
  30   2                              break;
  31   2              }
  32   1              P2 = (P2 & 0x1f);
  33   1      }
  34          
  35          void led_on(unsigned char Led){
  36   1              P2 = (P2 & 0x1f) | 0x80;
  37   1              switch(Led){
  38   2                      case L1:
  39   2                              P00 = 0;
  40   2                              break;
  41   2                      case L2:
  42   2                              P01 = 0;
  43   2                              break;
  44   2                      case L3:
  45   2                              P02 = 0;
  46   2                              break;
  47   2                      case L4:
  48   2                              P03 = 0;
  49   2                              break;
  50   2                      case L5:
  51   2                              P04 = 0;
  52   2                              break;
  53   2                      case L6:
  54   2                              P05 = 0;
C51 COMPILER V9.60.0.0   LED                                                               04/11/2021 11:34:11 PAGE 2   

  55   2                              break;
  56   2                      case L7:
  57   2                              P06 = 0;
  58   2                              break;
  59   2                      case L8:
  60   2                              P07 = 0;
  61   2                              break;
  62   2              }
  63   1              P2 = (P2 & 0x1f);
  64   1      }


MODULE INFORMATION:   STATIC OVERLAYABLE
   CODE SIZE        =    174    ----
   CONSTANT SIZE    =   ----    ----
   XDATA SIZE       =   ----    ----
   PDATA SIZE       =   ----    ----
   DATA SIZE        =   ----    ----
   IDATA SIZE       =   ----    ----
   BIT SIZE         =   ----    ----
END OF MODULE INFORMATION.


C51 COMPILATION COMPLETE.  0 WARNING(S),  0 ERROR(S)
