C51 COMPILER V9.60.0.0   ONEWIRE                                                           04/09/2021 10:13:34 PAGE 1   


C51 COMPILER V9.60.0.0, COMPILATION OF MODULE ONEWIRE
OBJECT MODULE PLACED IN .\Objects\onewire.obj
COMPILER INVOKED BY: C:\Keil_v5\C51\BIN\C51.EXE driver\onewire.c OPTIMIZE(8,SPEED) BROWSE INCDIR(.\driver) DEBUG OBJECTE
                    -XTEND PRINT(.\Listings\onewire.lst) OBJECT(.\Objects\onewire.obj)

line level    source

   1          /*
   2            程序说明: 单总线驱动程序
   3            软件环境: Keil uVision 4.10 
   4            硬件环境: CT107单片机综合实训平台(外部晶振12MHz) STC89C52RC单片机
   5            日    期: 2011-8-9
   6          */
   7          #include "reg52.h"
   8          
   9          sbit DQ = P1^4;  //单总线接口
  10          
  11          /**
  12            * @brief  更改为之前12倍的延时
  13            * @param  None
  14            * @retval t - 代表延时次数
  15            * @author dianshe.taobao.com
  16            */
  17          void Delay_OneWire(unsigned int t)  //STC89C52RC ->IAP15
  18          {
  19   1              unsigned char i;
  20   1              while(t--)
  21   1              {
  22   2                      for(i=0;i<12;i++);
  23   2              }
  24   1      }
  25          
  26          //通过单总线向DS18B20写一个字节
  27          void Write_DS18B20(unsigned char dat)
  28          {
  29   1              unsigned char i;
  30   1              for(i=0;i<8;i++)
  31   1              {
  32   2                      DQ = 0;
  33   2                      DQ = dat&0x01;
  34   2                      Delay_OneWire(5);
  35   2                      DQ = 1;
  36   2                      dat >>= 1;
  37   2              }
  38   1              Delay_OneWire(5);
  39   1      }
  40          
  41          //从DS18B20读取一个字节
  42          unsigned char Read_DS18B20(void)
  43          {
  44   1              unsigned char i;
  45   1              unsigned char dat;
  46   1        
  47   1              for(i=0;i<8;i++)
  48   1              {
  49   2                      DQ = 0;
  50   2                      dat >>= 1;
  51   2                      DQ = 1;
  52   2                      if(DQ)
  53   2                      {
  54   3                              dat |= 0x80;
C51 COMPILER V9.60.0.0   ONEWIRE                                                           04/09/2021 10:13:34 PAGE 2   

  55   3                      }           
  56   2                      Delay_OneWire(5);
  57   2              }
  58   1              return dat;
  59   1      }
  60          
  61          //DS18B20设备初始化
  62          bit init_ds18b20(void)
  63          {
  64   1              bit initflag = 0;
  65   1              
  66   1              DQ = 1;
  67   1              Delay_OneWire(12);
  68   1              DQ = 0;
  69   1              Delay_OneWire(80);
  70   1              DQ = 1;
  71   1              Delay_OneWire(10); 
  72   1          initflag = DQ;     
  73   1              Delay_OneWire(5);
  74   1        
  75   1              return initflag;
  76   1      }
  77          
  78          /**
  79            * @brief  以带小数点的形式读取温度
  80            * @param  None
  81            * @retval temperature - float
  82            * @author dianshe.taobao.com
  83            */
  84          float rd_temperature_f(void)
  85          {
  86   1          unsigned int temp;
  87   1          float temperature;
  88   1          unsigned char low,high;
  89   1        
  90   1              init_ds18b20();
  91   1              Write_DS18B20(0xCC);            //跳过ROM
  92   1              Write_DS18B20(0x44);            //开始温度转换
  93   1              Delay_OneWire(200);                     
  94   1      
  95   1              init_ds18b20();
  96   1              Write_DS18B20(0xCC);            //跳过ROM
  97   1              Write_DS18B20(0xBE);            //读取温度寄存器
  98   1      
  99   1              low = Read_DS18B20();
 100   1              high = Read_DS18B20();
 101   1              
 102   1              temp = high;
 103   1              temp <<= 8;
 104   1              temp |= low;
 105   1              temperature = temp*0.0625;
 106   1              return temperature;
 107   1      }
 108          
 109          
 110          
 111          


MODULE INFORMATION:   STATIC OVERLAYABLE
   CODE SIZE        =    206    ----
   CONSTANT SIZE    =   ----    ----
C51 COMPILER V9.60.0.0   ONEWIRE                                                           04/09/2021 10:13:34 PAGE 3   

   XDATA SIZE       =   ----    ----
   PDATA SIZE       =   ----    ----
   DATA SIZE        =   ----    ----
   IDATA SIZE       =   ----    ----
   BIT SIZE         =   ----       1
END OF MODULE INFORMATION.


C51 COMPILATION COMPLETE.  0 WARNING(S),  0 ERROR(S)
