C51 COMPILER V9.60.0.0   LED                                                               04/08/2021 20:53:36 PAGE 1   


C51 COMPILER V9.60.0.0, COMPILATION OF MODULE LED
OBJECT MODULE PLACED IN .\Objects\led.obj
COMPILER INVOKED BY: C:\Keil_v5\C51\BIN\C51.EXE driver\led.c OPTIMIZE(8,SPEED) BROWSE INCDIR(.\driver) DEBUG OBJECTEXTEN
                    -D PRINT(.\Listings\led.lst) OBJECT(.\Objects\led.obj)

line level    source

   1          #include "led.h"
   2          #include "intrins.h"
   3          
   4          void delayus(unsigned int n)            //@11.0592MHz
   5          {
   6   1              do{
   7   2                      _nop_();
   8   2                      _nop_();
   9   2                      _nop_();
  10   2              }while(n--);
  11   1      }
  12          
  13          void delayms(unsigned int n)            //@11.0592MHz
  14          {
  15   1              unsigned char i, j;
  16   1              do{
  17   2                      _nop_();
  18   2                      _nop_();
  19   2                      _nop_();
  20   2                      i = 11;
  21   2                      j = 190;
  22   2                      do
  23   2                      {
  24   3                              while (--j);
  25   3                      } while (--i);
  26   2              }while(n--);
  27   1      }
  28          
  29          


MODULE INFORMATION:   STATIC OVERLAYABLE
   CODE SIZE        =     36    ----
   CONSTANT SIZE    =   ----    ----
   XDATA SIZE       =   ----    ----
   PDATA SIZE       =   ----    ----
   DATA SIZE        =   ----    ----
   IDATA SIZE       =   ----    ----
   BIT SIZE         =   ----    ----
END OF MODULE INFORMATION.


C51 COMPILATION COMPLETE.  0 WARNING(S),  0 ERROR(S)
