C51 COMPILER V9.60.0.0   ONEWIRE                                                           04/16/2021 13:53:33 PAGE 1   


C51 COMPILER V9.60.0.0, COMPILATION OF MODULE ONEWIRE
OBJECT MODULE PLACED IN .\Objects\onewire.obj
COMPILER INVOKED BY: C:\Keil_v5\C51\BIN\C51.EXE driver\onewire.c OPTIMIZE(8,SPEED) BROWSE INCDIR(.\driver) DEBUG OBJECTE
                    -XTEND PRINT(.\Listings\onewire.lst) OBJECT(.\Objects\onewire.obj)

line level    source

   1          #include "reg52.h"
   2          
   3          sbit DQ = P1^4;  
   4          
   5          void Delay_OneWire(unsigned int t) 
   6          {
   7   1              unsigned char i;
   8   1              while(t--)
   9   1              {
  10   2                      for(i=0;i<12;i++);
  11   2              }
  12   1      }
  13          
  14          void Write_DS18B20(unsigned char dat)
  15          {
  16   1              unsigned char i;
  17   1              for(i=0;i<8;i++)
  18   1              {
  19   2                      DQ = 0;
  20   2                      DQ = dat&0x01;
  21   2                      Delay_OneWire(5);
  22   2                      DQ = 1;
  23   2                      dat >>= 1;
  24   2              }
  25   1              Delay_OneWire(5);
  26   1      }
  27          
  28          unsigned char Read_DS18B20(void)
  29          {
  30   1              unsigned char i;
  31   1              unsigned char dat;
  32   1        
  33   1              for(i=0;i<8;i++)
  34   1              {
  35   2                      DQ = 0;
  36   2                      dat >>= 1;
  37   2                      DQ = 1;
  38   2                      if(DQ)
  39   2                      {
  40   3                              dat |= 0x80;
  41   3                      }           
  42   2                      Delay_OneWire(5);
  43   2              }
  44   1              return dat;
  45   1      }
  46          
  47          bit init_ds18b20(void)
  48          {
  49   1              bit initflag = 0;
  50   1              
  51   1              DQ = 1;
  52   1              Delay_OneWire(12);
  53   1              DQ = 0;
  54   1              Delay_OneWire(80);
C51 COMPILER V9.60.0.0   ONEWIRE                                                           04/16/2021 13:53:33 PAGE 2   

  55   1              DQ = 1;
  56   1              Delay_OneWire(10); 
  57   1          initflag = DQ;     
  58   1              Delay_OneWire(5);
  59   1        
  60   1              return initflag;
  61   1      }
  62          
  63          float rd_temperature_f()
  64          {
  65   1              unsigned int temp;
  66   1              float temperature;
  67   1              unsigned char low,high;
  68   1              
  69   1              init_ds18b20();
  70   1              Write_DS18B20(0xcc);
  71   1              Write_DS18B20(0x44);
  72   1              
  73   1              init_ds18b20();
  74   1              Write_DS18B20(0xcc);
  75   1              Write_DS18B20(0xbe);
  76   1              
  77   1              low=Read_DS18B20();
  78   1              high=Read_DS18B20();
  79   1              
  80   1              temp=high;
  81   1              temp<<=8;
  82   1              temp|=low;
  83   1              temperature=temp*0.0625;
  84   1              return temperature;
  85   1      }
  86          
  87          
  88          
  89          


MODULE INFORMATION:   STATIC OVERLAYABLE
   CODE SIZE        =    199    ----
   CONSTANT SIZE    =   ----    ----
   XDATA SIZE       =   ----    ----
   PDATA SIZE       =   ----    ----
   DATA SIZE        =   ----    ----
   IDATA SIZE       =   ----    ----
   BIT SIZE         =   ----       1
END OF MODULE INFORMATION.


C51 COMPILATION COMPLETE.  0 WARNING(S),  0 ERROR(S)
