C51 COMPILER V9.60.0.0   IIC                                                               04/16/2021 13:53:33 PAGE 1   


C51 COMPILER V9.60.0.0, COMPILATION OF MODULE IIC
OBJECT MODULE PLACED IN .\Objects\iic.obj
COMPILER INVOKED BY: C:\Keil_v5\C51\BIN\C51.EXE driver\iic.c OPTIMIZE(8,SPEED) BROWSE INCDIR(.\driver) DEBUG OBJECTEXTEN
                    -D PRINT(.\Listings\iic.lst) OBJECT(.\Objects\iic.obj)

line level    source

   1          #include "reg52.h"
   2          #include "intrins.h"
   3          
   4          #define DELAY_TIME 5
   5          
   6          #define SlaveAddrW 0xA0
   7          #define SlaveAddrR 0xA1
   8          
   9          sbit SDA = P2^1;  
  10          sbit SCL = P2^0;  
  11          
  12          void IIC_Delay(unsigned char i)
  13          {
  14   1          do{_nop_();}
  15   1          while(i--);        
  16   1      }
  17          
  18          void IIC_Start(void)
  19          {
  20   1          SDA = 1;
  21   1          SCL = 1;
  22   1          IIC_Delay(DELAY_TIME);
  23   1          SDA = 0;
  24   1          IIC_Delay(DELAY_TIME);
  25   1          SCL = 0;    
  26   1      }
  27          
  28          void IIC_Stop(void)
  29          {
  30   1          SDA = 0;
  31   1          SCL = 1;
  32   1          IIC_Delay(DELAY_TIME);
  33   1          SDA = 1;
  34   1          IIC_Delay(DELAY_TIME);
  35   1      }
  36          
  37          void IIC_SendAck(bit ackbit)
  38          {
  39   1          SCL = 0;
  40   1          SDA = ackbit;                                       
  41   1          IIC_Delay(DELAY_TIME);
  42   1          SCL = 1;
  43   1          IIC_Delay(DELAY_TIME);
  44   1          SCL = 0; 
  45   1          SDA = 1;
  46   1          IIC_Delay(DELAY_TIME);
  47   1      }
  48          
  49          bit IIC_WaitAck(void)
  50          {
  51   1          bit ackbit;
  52   1              
  53   1          SCL  = 1;
  54   1          IIC_Delay(DELAY_TIME);
C51 COMPILER V9.60.0.0   IIC                                                               04/16/2021 13:53:33 PAGE 2   

  55   1          ackbit = SDA;
  56   1          SCL = 0;
  57   1          IIC_Delay(DELAY_TIME);
  58   1          return ackbit;
  59   1      }
  60          
  61          void IIC_SendByte(unsigned char byt)
  62          {
  63   1          unsigned char i;
  64   1      
  65   1          for(i=0; i<8; i++)
  66   1          {
  67   2              SCL  = 0;
  68   2              IIC_Delay(DELAY_TIME);
  69   2              if(byt & 0x80) SDA  = 1;
  70   2              else SDA  = 0;
  71   2              IIC_Delay(DELAY_TIME);
  72   2              SCL = 1;
  73   2              byt <<= 1;
  74   2              IIC_Delay(DELAY_TIME);
  75   2          }
  76   1          SCL  = 0;  
  77   1      }
  78          
  79          unsigned char IIC_RecByte(void)
  80          {
  81   1          unsigned char i, da;
  82   1          for(i=0; i<8; i++)
  83   1          {   
  84   2              SCL = 1;
  85   2              IIC_Delay(DELAY_TIME);
  86   2              da <<= 1;
  87   2              if(SDA) da |= 1;
  88   2              SCL = 0;
  89   2              IIC_Delay(DELAY_TIME);
  90   2          }
  91   1          return da;    
  92   1      }
  93          
  94          unsigned char read_adc(unsigned char add)
  95          {
  96   1              unsigned char temp;
  97   1              EA=0;
  98   1              IIC_Start();
  99   1              IIC_SendByte(0x90);
 100   1              IIC_WaitAck();
 101   1              IIC_SendByte(add);
 102   1              IIC_WaitAck();
 103   1              
 104   1              IIC_Start();
 105   1              IIC_SendByte(0x91);
 106   1              IIC_WaitAck();
 107   1              temp=IIC_RecByte();
 108   1              IIC_WaitAck();
 109   1              IIC_Stop();
 110   1              EA=1;
 111   1              return temp;
 112   1      }
 113          
 114          void write_adc(unsigned char dat)
 115          {
 116   1              EA=0;
C51 COMPILER V9.60.0.0   IIC                                                               04/16/2021 13:53:33 PAGE 3   

 117   1              IIC_Start();
 118   1              IIC_SendByte(0x90);
 119   1              IIC_WaitAck();
 120   1              IIC_SendByte(0x40);
 121   1              IIC_WaitAck();
 122   1              IIC_SendByte(dat);
 123   1              IIC_WaitAck();
 124   1              IIC_Stop();
 125   1              EA=1;
 126   1      }
 127          
 128          void write_24c02(unsigned char add,unsigned char date)
 129          {
 130   1              EA=0;
 131   1              IIC_Start();
 132   1              IIC_SendByte(0xa0);
 133   1              IIC_WaitAck();
 134   1              IIC_SendByte(add);
 135   1              IIC_WaitAck();
 136   1              IIC_SendByte(date);
 137   1              IIC_WaitAck();
 138   1              IIC_Stop();
 139   1              EA=1;
 140   1      }
 141          
 142          unsigned char read_24c02(unsigned char add)
 143          {
 144   1              unsigned char temp;
 145   1              EA=0;
 146   1              IIC_Start();
 147   1              IIC_SendByte(0xa0);
 148   1              IIC_WaitAck();
 149   1              IIC_SendByte(add);
 150   1              IIC_WaitAck();
 151   1              
 152   1              IIC_Start();
 153   1              IIC_SendByte(0xa1);
 154   1              IIC_WaitAck();
 155   1              temp=IIC_RecByte();
 156   1              IIC_WaitAck();
 157   1              IIC_Stop();
 158   1              return temp;
 159   1      }


MODULE INFORMATION:   STATIC OVERLAYABLE
   CODE SIZE        =    325    ----
   CONSTANT SIZE    =   ----    ----
   XDATA SIZE       =   ----    ----
   PDATA SIZE       =   ----    ----
   DATA SIZE        =   ----    ----
   IDATA SIZE       =   ----    ----
   BIT SIZE         =   ----       2
END OF MODULE INFORMATION.


C51 COMPILATION COMPLETE.  0 WARNING(S),  0 ERROR(S)
